[0.000000] (-) TimerEvent: {}
[0.000535] (path_planner_node) JobQueued: {'identifier': 'path_planner_node', 'dependencies': OrderedDict()}
[0.000651] (path_planner_node) JobStarted: {'identifier': 'path_planner_node'}
[0.098818] (-) TimerEvent: {}
[0.199468] (-) TimerEvent: {}
[0.300191] (-) TimerEvent: {}
[0.400729] (-) TimerEvent: {}
[0.501264] (-) TimerEvent: {}
[0.602055] (-) TimerEvent: {}
[0.702591] (-) TimerEvent: {}
[0.803250] (-) TimerEvent: {}
[0.903678] (-) TimerEvent: {}
[0.943755] (path_planner_node) Command: {'cmd': ['/usr/bin/python3', '-W', 'ignore:setup.py install is deprecated', '-W', 'ignore:easy_install command is deprecated', 'setup.py', 'develop', '--editable', '--build-directory', '/home/kasm-user/colcon_ws/build/path_planner_node/build', '--no-deps', 'symlink_data'], 'cwd': '/home/kasm-user/colcon_ws/build/path_planner_node', 'env': {'VSCODE_CWD': '/home/kasm-user', 'VSCODE_ESM_ENTRYPOINT': 'vs/workbench/api/node/extensionHostProcess', 'LANGUAGE': 'en_US:en', 'VSCODE_NLS_CONFIG': '{"userLocale":"en-us","osLocale":"en-us","resolvedLanguage":"en","defaultMessagesFile":"/usr/share/code/resources/app/out/nls.messages.json","locale":"en-us","availableLanguages":{}}', 'VSCODE_HANDLES_UNCAUGHT_ERRORS': 'true', 'HOSTNAME': '894ceef7e2be', 'SSH_AGENT_PID': '149', 'KASM_SSL': 'false', 'GIT_ASKPASS': '/usr/share/code/resources/app/extensions/git/dist/askpass.sh', 'SHLVL': '0', 'LD_LIBRARY_PATH': '/opt/ros/humble/opt/rviz_ogre_vendor/lib:/opt/ros/humble/lib/x86_64-linux-gnu:/opt/ros/humble/lib:/usr/lib/x86_64-linux-gnu:/usr/lib/i386-linux-gnu:/usr/local/nvidia/lib:/usr/local/nvidia/lib64', 'OMP_WAIT_POLICY': 'PASSIVE', 'HOME': '/home/kasm-user', 'CHROME_DESKTOP': 'code.desktop', 'NO_VNC_PORT': '6901', 'TERM_PROGRAM_VERSION': '1.103.2', 'DESKTOP_SESSION': 'xfce', 'VSCODE_IPC_HOOK': '/home/kasm-user/.config/Code/1.10-main.sock', 'STARTUPDIR': '/dockerstartup', 'ROS_PYTHON_VERSION': '3', 'VSCODE_GIT_ASKPASS_MAIN': '/usr/share/code/resources/app/extensions/git/dist/askpass-main.js', 'INST_DIR': '/dockerstartup/install', 'START_PULSEAUDIO': '1', 'VSCODE_GIT_ASKPASS_NODE': '/usr/share/code/code', 'PYDEVD_DISABLE_FILE_VALIDATION': '1', 'BUNDLED_DEBUGPY_PATH': '/home/kasm-user/.vscode/extensions/ms-python.debugpy-2025.10.0-linux-x64/bundled/libs/debugpy', 'DBUS_SESSION_BUS_ADDRESS': 'unix:abstract=/tmp/dbus-yzSqzIwUcr,guid=3d670fcdb8e2a1bc5e803f1d68cc7062', 'COLORTERM': 'truecolor', 'KASM_RX_HOME': '/dockerstartup/kasmrx', 'VNC_COL_DEPTH': '24', 'VSCODE_CRASH_REPORTER_PROCESS_TYPE': 'extensionHost', 'VSCODE_L10N_BUNDLE_LOCATION': '', 'COLCON_PREFIX_PATH': '/home/kasm-user/colcon_ws/install', 'MAX_FRAME_RATE': '24', 'ROS_DISTRO': 'humble', '_': '/usr/bin/colcon', 'ROS_VERSION': '2', 'VNCOPTIONS': '-PreferBandwidth -DynamicQualityMin=4 -DynamicQualityMax=7 -DLP_ClipDelay=0 -select-de manual -UnixRelay printer:/tmp/printer', 'TERM': 'xterm-256color', 'ROS_LOCALHOST_ONLY': '0', 'DONT_PROMPT_WSL_INSTALL': 'No_Prompt_please', 'PATH': '/opt/ros/humble/bin:/usr/local/sbin:/usr/local/bin:/usr/sbin:/usr/bin:/sbin:/bin:/home/kasm-user/.vscode/extensions/ms-python.debugpy-2025.10.0-linux-x64/bundled/scripts/noConfigScripts', 'SESSION_MANAGER': 'local/894ceef7e2be:@/tmp/.ICE-unix/86,unix/894ceef7e2be:/tmp/.ICE-unix/86', 'PULSE_RUNTIME_PATH': '/var/run/pulse', 'XDG_MENU_PREFIX': 'xfce-', 'SDL_GAMECONTROLLERCONFIG': '030000005e040000be02000014010000,XInput Controller,platform:Linux,a:b0,b:b1,x:b2,y:b3,back:b8,guide:b16,start:b9,leftstick:b10,rightstick:b11,leftshoulder:b4,rightshoulder:b5,dpup:b12,dpdown:b13,dpleft:b14,dpright:b15,leftx:a0,lefty:a1,rightx:a2,righty:a3,lefttrigger:b6,righttrigger:b7', 'SKIP_CLEAN': 'true', 'GOMP_SPINCOUNT': '0', 'START_XFCE4': '1', 'GDK_BACKEND': 'x11', 'DISPLAY': ':1.0', 'VSCODE_DEBUGPY_ADAPTER_ENDPOINTS': '/home/kasm-user/.vscode/extensions/ms-python.debugpy-2025.10.0-linux-x64/.noConfigDebugAdapterEndpoints/endpoint-385da1e43c960caf.txt', 'LANG': 'en_US.UTF-8', 'XDG_CURRENT_DESKTOP': 'XFCE', 'VSCODE_GIT_IPC_HANDLE': '/tmp/vscode-git-44c394c5f1.sock', 'TERM_PROGRAM': 'vscode', 'SSH_AUTH_SOCK': '/tmp/ssh-XXXXXX58xgQL/agent.148', 'AMENT_PREFIX_PATH': '/home/kasm-user/colcon_ws/install/path_planner_node:/opt/ros/humble', 'DBUS_SESSION_BUS_PID': '17', 'ORIGINAL_XDG_CURRENT_DESKTOP': 'XFCE', 'DEBIAN_FRONTEND': 'noninteractive', 'SHELL': '/bin/bash', 'INST_SCRIPTS': '/ubuntu/install/tools/install_tools_deluxe.sh                   /ubuntu/install/misc/install_tools.sh                   /ubuntu/install/chrome/install_chrome.sh                   /ubuntu/install/chromium/install_chromium.sh                   /ubuntu/install/firefox/install_firefox.sh                   /ubuntu/install/sublime_text/install_sublime_text.sh                   /ubuntu/install/vs_code/install_vs_code.sh                   /ubuntu/install/nextcloud/install_nextcloud.sh                   /ubuntu/install/remmina/install_remmina.sh                   /ubuntu/install/only_office/install_only_office.sh                   /ubuntu/install/signal/install_signal.sh                   /ubuntu/install/gimp/install_gimp.sh                   /ubuntu/install/zoom/install_zoom.sh                   /ubuntu/install/obs/install_obs.sh                   /ubuntu/install/ansible/install_ansible.sh                   /ubuntu/install/terraform/install_terraform.sh                   /ubuntu/install/telegram/install_telegram.sh                   /ubuntu/install/thunderbird/install_thunderbird.sh                   /ubuntu/install/slack/install_slack.sh                   /ubuntu/install/gamepad_utils/install_gamepad_utils.sh                   /ubuntu/install/cleanup/cleanup.sh', 'ELECTRON_RUN_AS_NODE': '1', 'NO_AT_BRIDGE': '1', 'VSCODE_GIT_ASKPASS_EXTRA_ARGS': '', 'PWD': '/home/kasm-user/colcon_ws/build/path_planner_node', 'VNC_RESOLUTION': '1280x720', 'LC_ALL': 'en_US.UTF-8', 'XDG_CONFIG_DIRS': '/etc/xdg', 'VSCODE_CODE_CACHE_PATH': '/home/kasm-user/.config/Code/CachedData/6f17636121051a53c88d3e605c491d22af2ba755', 'XDG_DATA_DIRS': '/usr/local/share:/usr/share', 'PYTHONPATH': '/home/kasm-user/colcon_ws/build/path_planner_node/prefix_override:/usr/lib/python3/dist-packages/colcon_core/task/python/colcon_distutils_commands:/home/kasm-user/colcon_ws/install/path_planner_node/lib/python3.10/site-packages:/home/kasm-user/colcon_ws/build/path_planner_node:/home/kasm-user/colcon_ws/install/path_planner_node/lib/python3.10/site-packages:/opt/ros/humble/lib/python3.10/site-packages:/opt/ros/humble/local/lib/python3.10/dist-packages', 'DISTRO': 'ubuntu', 'TZ': 'Etc/UTC', 'AUDIO_PORT': '4901', 'COLCON': '1', 'KASMVNC_AUTO_RECOVER': 'true', 'VSCODE_PID': '451', 'KASM_VNC_PATH': '/usr/share/kasmvnc', 'VNC_PORT': '5901'}, 'shell': False}
[1.004011] (-) TimerEvent: {}
[1.104545] (-) TimerEvent: {}
[1.204954] (-) TimerEvent: {}
[1.248534] (path_planner_node) StdoutLine: {'line': b'running develop\n'}
[1.305200] (-) TimerEvent: {}
[1.400200] (path_planner_node) StdoutLine: {'line': b'running egg_info\n'}
[1.400591] (path_planner_node) StdoutLine: {'line': b'writing path_planner_node.egg-info/PKG-INFO\n'}
[1.401073] (path_planner_node) StdoutLine: {'line': b'writing dependency_links to path_planner_node.egg-info/dependency_links.txt\n'}
[1.401412] (path_planner_node) StdoutLine: {'line': b'writing entry points to path_planner_node.egg-info/entry_points.txt\n'}
[1.401628] (path_planner_node) StdoutLine: {'line': b'writing requirements to path_planner_node.egg-info/requires.txt\n'}
[1.401789] (path_planner_node) StdoutLine: {'line': b'writing top-level names to path_planner_node.egg-info/top_level.txt\n'}
[1.402984] (path_planner_node) StdoutLine: {'line': b"reading manifest file 'path_planner_node.egg-info/SOURCES.txt'\n"}
[1.404170] (path_planner_node) StdoutLine: {'line': b"writing manifest file 'path_planner_node.egg-info/SOURCES.txt'\n"}
[1.405359] (path_planner_node) StdoutLine: {'line': b'running build_ext\n'}
[1.405656] (-) TimerEvent: {}
[1.406113] (path_planner_node) StdoutLine: {'line': b'Creating /home/kasm-user/colcon_ws/install/path_planner_node/lib/python3.10/site-packages/path-planner-node.egg-link (link to .)\n'}
[1.406931] (path_planner_node) StdoutLine: {'line': b'Installing path_planner script to /home/kasm-user/colcon_ws/install/path_planner_node/lib/path_planner_node\n'}
[1.407146] (path_planner_node) StdoutLine: {'line': b'Installing path_validator script to /home/kasm-user/colcon_ws/install/path_planner_node/lib/path_planner_node\n'}
[1.407259] (path_planner_node) StdoutLine: {'line': b'\n'}
[1.407368] (path_planner_node) StdoutLine: {'line': b'Installed /home/kasm-user/colcon_ws/build/path_planner_node\n'}
[1.407470] (path_planner_node) StdoutLine: {'line': b'running symlink_data\n'}
[1.443443] (path_planner_node) CommandEnded: {'returncode': 0}
[1.464868] (path_planner_node) JobEnded: {'identifier': 'path_planner_node', 'rc': 0}
[1.466275] (-) EventReactorShutdown: {}
